(base) [matteoc@cms-gpu01 graph-met]$ python train.py
Current best loss: 100000000.0
100%|███████████████████████████████████████████████████████████████████████████████████████████████| 1680/1680 [58:18<00:00,  2.08s/it, loss=32161.832]
Training epoch: 01, MSE: 32161.8316
- Eval metrics : loss: 28597.827
Checkpoint Directory exists! 
Found new best loss!
Current best loss: 28597.8268142129
Learning rate: 0.001
100%|███████████████████████████████████████████████████████████████████████████████████████████████| 1680/1680 [57:33<00:00,  2.06s/it, loss=29125.094]
Training epoch: 02, MSE: 29125.0945
- Eval metrics : loss: 28298.979
Checkpoint Directory exists! 
Found new best loss!
Current best loss: 28298.978635736967
Learning rate: 0.001
 88%|███████████████████████████████████████████████████████████████████████████████████▍           | 1476/1680 [49:46<07:02,  2.07s/it, loss=29378.921]100%|███████████████████████████████████████████████████████████████████████████████████████████████| 1680/1680 [56:39<00:00,  2.02s/it, loss=29247.867]
Training epoch: 03, MSE: 29247.8675
- Eval metrics : loss: 28133.713
Checkpoint Directory exists! 
Found new best loss!
Current best loss: 28133.713193516043
Learning rate: 0.001
100%|███████████████████████████████████████████████████████████████████████████████████████████████| 1680/1680 [56:39<00:00,  2.02s/it, loss=28166.356]
Training epoch: 04, MSE: 28166.3558
- Eval metrics : loss: 22635.299
Checkpoint Directory exists! 
Found new best loss!
Current best loss: 22635.298815069353
Learning rate: 0.001
100%|███████████████████████████████████████████████████████████████████████████████████████████████| 1680/1680 [56:57<00:00,  2.03s/it, loss=23749.308]
Training epoch: 05, MSE: 23749.3079
- Eval metrics : loss: 24820.646
Checkpoint Directory exists! 
Current best loss: 22635.298815069353
Learning rate: 0.001
 20%|███████████████████▏                                                                            | 335/1680 [11:23<45:37,  2.04s/it, loss=21565.692]
  [Restored Sep 21, 2020 at 6:07:21 PM]
Last login: Mon Sep 21 18:07:14 on console
mac-132345:~ matteoc$ ssh -Y -p 4280 matteoc@ui20.sdfarm.kr
matteoc@ui20.sdfarm.kr's password: 
Permission denied, please try again.
matteoc@ui20.sdfarm.kr's password: 
Last failed login: Tue Sep 22 08:08:05 KST 2020 from c-98-220-28-164.hsd1.il.comcast.net on ssh:notty
There was 1 failed login attempt since the last successful login.
Last login: Tue Sep 22 06:31:38 2020 from c-98-220-28-164.hsd1.il.comcast.net
(base) [matteoc@ui20 ~]$ ssh -Y cms-gpu01









matteoc@cms-gpu01's password: 
Last login: Mon Sep 21 22:49:08 2020 from ui20.sdfarm.kr


(base) [matteoc@cms-gpu01 ~]$ 
(base) [matteoc@cms-gpu01 ~]$ 
(reverse-i-search)`---': python evaluate.py -^C-restore_file ckpt_1
(base) [matteoc@cms-gpu01 ~]$ ^C
(base) [matteoc@cms-gpu01 ~]$ python train.py --restore_file last
python: can't open file 'train.py': [Errno 2] No such file or directory
(base) [matteoc@cms-gpu01 ~]$ source setGraphMET
(base) [matteoc@cms-gpu01 graph-met]$ python train.py --restore_file last
Restarting training from epoch 5
Current best loss: 22635.298815069353
Learning rate: 0.001
100%|███████████████████████████████████████████████████████████████████████████████████████████████| 1680/1680 [57:04<00:00,  2.04s/it, loss=21177.812]
Training epoch: 06, MSE: 21177.8123
packet_write_wait: Connection to 134.75.124.127 port 4280: Broken pipe
mac-132345:~ matteoc$ ssh -Y -p 4280 matteoc@ui20.sdfarm.kr
matteoc@ui20.sdfarm.kr's password: 
Permission denied, please try again.
matteoc@ui20.sdfarm.kr's password: 
Permission denied, please try again.
matteoc@ui20.sdfarm.kr's password: 
Last failed login: Tue Sep 22 10:45:08 KST 2020 from c-98-220-28-164.hsd1.il.comcast.net on ssh:notty
There were 2 failed login attempts since the last successful login.
Last login: Tue Sep 22 08:09:56 2020 from c-98-220-28-164.hsd1.il.comcast.net
(base) [matteoc@ui20 ~]$ ssh -Y cms-gpu01
matteoc@cms-gpu01's password: 
Last login: Tue Sep 22 08:10:31 2020 from ui20.sdfarm.kr
(base) [matteoc@cms-gpu01 ~]$ source setGraphMET
(base) [matteoc@cms-gpu01 graph-met]$ python train.py --restore_file last
Restarting training from epoch 5
Current best loss: 22635.298815069353
Learning rate: 0.001
 73%|█████████████████████████████████████████████████████████████████████▎                         | 1226/1680 [44:41<15:14,  2.01s/it, loss=22782.682]


100%|█████████████████████████████████████████████████████████████████████████████████████████████| 1680/1680 [1:00:07<00:00,  2.15s/it, loss=22157.162]
Training epoch: 06, MSE: 22157.1621
- Eval metrics : loss: 20731.992
Checkpoint Directory exists! 
Found new best loss!
Current best loss: 20731.992145721924
Learning rate: 0.001
100%|███████████████████████████████████████████████████████████████████████████████████████████████| 1680/1680 [57:54<00:00,  2.07s/it, loss=20759.832]
Training epoch: 07, MSE: 20759.8317
- Eval metrics : loss: 22676.824
Checkpoint Directory exists! 
Current best loss: 20731.992145721924
Learning rate: 0.001
100%|███████████████████████████████████████████████████████████████████████████████████████████████| 1680/1680 [57:55<00:00,  2.07s/it, loss=20237.428]Training epoch: 08, MSE: 20237.4280
- Eval metrics : loss: 19845.072
Checkpoint Directory exists! 
Found new best loss!
Current best loss: 19845.071620675968
Learning rate: 0.001
100%|███████████████████████████████████████████████████████████████████████████████████████████████| 1680/1680 [58:04<00:00,  2.07s/it, loss=18664.836]
Training epoch: 09, MSE: 18664.8360
- Eval metrics : loss: 16406.601
Checkpoint Directory exists! 
Found new best loss!
Current best loss: 16406.601008940506
Learning rate: 0.001
100%|███████████████████████████████████████████████████████████████████████████████████████████████| 1680/1680 [57:27<00:00,  2.05s/it, loss=17781.954]
Training epoch: 10, MSE: 17781.9538
- Eval metrics : loss: 27936.378
Checkpoint Directory exists! 
Current best loss: 16406.601008940506
Learning rate: 0.001
 23%|█████████████████████▉                                                                          | 383/1680 [13:04<44:06,  2.04s/it, loss=19257.335]X11 connection rejected because of wrong authentication.
 84%|███████████████████████████████████████████████████████████████████████████████▉               | 1414/1680 [48:12<09:05,  2.05s/it, loss=19168.679]X11 connection rejected because of wrong authentication.
100%|███████████████████████████████████████████████████████████████████████████████████████████████| 1680/1680 [57:29<00:00,  2.05s/it, loss=18890.937]
Training epoch: 11, MSE: 18890.9373
X11 connection rejected because of wrong authentication.
- Eval metrics : loss: 16408.427
Checkpoint Directory exists! 
Current best loss: 16406.601008940506
Learning rate: 0.001
100%|███████████████████████████████████████████████████████████████████████████████████████████████| 1680/1680 [57:32<00:00,  2.06s/it, loss=17581.591]
Training epoch: 12, MSE: 17581.5911
- Eval metrics : loss: 27458.135
Checkpoint Directory exists! 
Current best loss: 16406.601008940506
Learning rate: 0.001
100%|███████████████████████████████████████████████████████████████████████████████████████████████| 1680/1680 [57:01<00:00,  2.04s/it, loss=18557.188]
Training epoch: 13, MSE: 18557.1883
- Eval metrics : loss: 14944.066
Checkpoint Directory exists! 
Found new best loss!
Current best loss: 14944.065693411598
Learning rate: 0.001
100%|███████████████████████████████████████████████████████████████████████████████████████████████| 1680/1680 [57:38<00:00,  2.06s/it, loss=14249.121]
Training epoch: 14, MSE: 14249.1209
- Eval metrics : loss: 10193.501
Checkpoint Directory exists! 
Found new best loss!
Current best loss: 10193.501105813419
Learning rate: 0.001
100%|███████████████████████████████████████████████████████████████████████████████████████████████| 1680/1680 [56:42<00:00,  2.03s/it, loss=12659.814]
Training epoch: 15, MSE: 12659.8141
- Eval metrics : loss: 12014.129
Checkpoint Directory exists! 
Current best loss: 10193.501105813419
Learning rate: 0.001
100%|███████████████████████████████████████████████████████████████████████████████████████████████| 1680/1680 [56:44<00:00,  2.03s/it, loss=13299.181]
Training epoch: 16, MSE: 13299.1814
- Eval metrics : loss: 10191.808
Checkpoint Directory exists! 
Found new best loss!
Current best loss: 10191.807762105198
Learning rate: 0.001
100%|███████████████████████████████████████████████████████████████████████████████████████████████| 1680/1680 [56:38<00:00,  2.02s/it, loss=11922.337]
Training epoch: 17, MSE: 11922.3371
- Eval metrics : loss: 10824.313
Checkpoint Directory exists! 
Current best loss: 10191.807762105198
Learning rate: 0.001
100%|███████████████████████████████████████████████████████████████████████████████████████████████| 1680/1680 [56:49<00:00,  2.03s/it, loss=12194.415]
Training epoch: 18, MSE: 12194.4153
- Eval metrics : loss: 10310.596
Checkpoint Directory exists! 
Current best loss: 10191.807762105198
Learning rate: 0.001
100%|███████████████████████████████████████████████████████████████████████████████████████████████| 1680/1680 [56:35<00:00,  2.02s/it, loss=10888.233]
Training epoch: 19, MSE: 10888.2332
- Eval metrics : loss: 10480.261
Checkpoint Directory exists! 
Current best loss: 10191.807762105198
Learning rate: 0.001
100%|███████████████████████████████████████████████████████████████████████████████████████████████| 1680/1680 [56:26<00:00,  2.02s/it, loss=11029.711]
Training epoch: 20, MSE: 11029.7109
- Eval metrics : loss: 7926.204
Checkpoint Directory exists! 
Found new best loss!
Current best loss: 7926.204003645137
Learning rate: 0.001
100%|███████████████████████████████████████████████████████████████████████████████████████████████| 1680/1680 [56:32<00:00,  2.02s/it, loss=10857.360]
Training epoch: 21, MSE: 10857.3604













- Eval metrics : loss: 7324.687
Checkpoint Directory exists! 
Found new best loss!
Current best loss: 7324.686754522477
Learning rate: 0.001
  0%|▍                                                                                                  | 7/1680 [00:13<55:02,  1.97s/it, loss=8597.252]





  1%|▊                                                                                                 | 13/1680 [00:25<56:26,  2.03s/it, loss=9743.133]






  7%|██████▊                                                                                          | 117/1680 [03:56<51:01,  1.96s/it, loss=8816.295]packet_write_wait: Connection to 134.75.124.127 port 4280: Broken pipe
mac-132345:~ matteoc$ ssh -Y -p 4280 matteoc@ui20.sdfarm.kr
matteoc@ui20.sdfarm.kr's password: 
Permission denied, please try again.
matteoc@ui20.sdfarm.kr's password: 
Last failed login: Wed Sep 23 03:43:55 KST 2020 from c-98-220-28-164.hsd1.il.comcast.net on ssh:notty
There was 1 failed login attempt since the last successful login.
Last login: Tue Sep 22 14:09:14 2020 from c-98-220-28-164.hsd1.il.comcast.net
(base) [matteoc@ui20 ~]$ ssh -Y cms-gpu01
matteoc@cms-gpu01's password: 
Last login: Tue Sep 22 10:45:40 2020 from ui20.sdfarm.kr
(base) [matteoc@cms-gpu01 ~]$ source setGraphMET
(base) [matteoc@cms-gpu01 graph-met]$ python train.py --restore_file last
Restarting training from epoch 21
Current best loss: 7324.686754522477
Learning rate: 0.001
100%|████████████████████████████████████████████████████████████████████████████████████████████████| 1680/1680 [58:07<00:00,  2.08s/it, loss=9520.949]
Training epoch: 22, MSE: 9520.9490
- Eval metrics : loss: 7187.466
Checkpoint Directory exists! 
Found new best loss!
Current best loss: 7187.465893424131
Learning rate: 0.001
 56%|█████████████████████████████████████████████████████▉                                          | 943/1680 [31:51<25:38,  2.09s/it, loss=12832.001]
  [Restored Sep 22, 2020 at 3:23:10 PM]
Last login: Tue Sep 22 15:23:05 on console
mac-132345:~ matteoc$ ssh -Y -p 4280 matteoc@ui20.sdfarm.kr
matteoc@ui20.sdfarm.kr's password: 
Last login: Wed Sep 23 03:48:40 2020 from c-98-220-28-164.hsd1.il.comcast.net
(reverse-i-search)`ss': ^Ch -Y cms-gpu01
(base) [matteoc@ui20 ~]$ ^C
(base) [matteoc@ui20 ~]$ ^C
(base) [matteoc@ui20 ~]$ ^C
(base) [matteoc@ui20 ~]$ ^C
(base) [matteoc@ui20 ~]$ ^C
(base) [matteoc@ui20 ~]$ ssh -Y cms-gpu01

matteoc@cms-gpu01's password: 
Last login: Wed Sep 23 03:44:24 2020 from ui20.sdfarm.kr
(base) [matteoc@cms-gpu01 ~]$ source setGraphMET
(base) [matteoc@cms-gpu01 graph-met]$ python train.py --restore_file last
Restarting training from epoch 22
Current best loss: 7187.465893424131
Learning rate: 0.001
100%|██████████████████████████████████████████████████████████████████████████████████████████████████████████████████| 1680/1680 [56:40<00:00,  2.02s/it, loss=10044.079]
Training epoch: 23, MSE: 10044.0787
- Eval metrics : loss: 7266.643
Checkpoint Directory exists! 
Current best loss: 7187.465893424131
Learning rate: 0.001
100%|██████████████████████████████████████████████████████████████████████████████████████████████████████████████████| 1680/1680 [57:01<00:00,  2.04s/it, loss=12769.018]
Training epoch: 24, MSE: 12769.0178
- Eval metrics : loss: 9131.495
Checkpoint Directory exists! 
Current best loss: 7187.465893424131
Learning rate: 0.001
100%|██████████████████████████████████████████████████████████████████████████████████████████████████████████████████| 1680/1680 [56:48<00:00,  2.03s/it, loss=10234.759]
Training epoch: 25, MSE: 10234.7586
- Eval metrics : loss: 7468.337
Checkpoint Directory exists! 
Current best loss: 7187.465893424131
Learning rate: 0.0005
100%|███████████████████████████████████████████████████████████████████████████████████████████████████████████████████| 1680/1680 [56:43<00:00,  2.03s/it, loss=7849.192]
Training epoch: 26, MSE: 7849.1918
- Eval metrics : loss: 7937.543
Checkpoint Directory exists! 
Current best loss: 7187.465893424131
Learning rate: 0.0005
100%|███████████████████████████████████████████████████████████████████████████████████████████████████████████████████| 1680/1680 [56:39<00:00,  2.02s/it, loss=7432.608]
Training epoch: 27, MSE: 7432.6080
- Eval metrics : loss: 8213.651
Checkpoint Directory exists! 
Current best loss: 7187.465893424131
Learning rate: 0.0005
 74%|█████████████████████████████████████████████████████████████████████████████████████                              | 1243/1680 [42:04<14:18,  1.96s/it, loss=7428.676]



100%|███████████████████████████████████████████████████████████████████████████████████████████████████████████████████| 1680/1680 [56:56<00:00,  2.03s/it, loss=7394.003]
Training epoch: 28, MSE: 7394.0035
- Eval metrics : loss: 6413.595
Checkpoint Directory exists! 
Found new best loss!
Current best loss: 6413.5947539793615
Learning rate: 0.0005
100%|███████████████████████████████████████████████████████████████████████████████████████████████████████████████████| 1680/1680 [57:41<00:00,  2.06s/it, loss=7197.081]
Training epoch: 29, MSE: 7197.0807
- Eval metrics : loss: 5383.240
Checkpoint Directory exists! 
Found new best loss!
Current best loss: 5383.240065957136
Learning rate: 0.0005
100%|███████████████████████████████████████████████████████████████████████████████████████████████████████████████████| 1680/1680 [56:43<00:00,  2.03s/it, loss=7626.711]Training epoch: 30, MSE: 7626.7111
- Eval metrics : loss: 5812.590
Checkpoint Directory exists! 
Current best loss: 5383.240065957136
Learning rate: 0.00025
100%|███████████████████████████████████████████████████████████████████████████████████████████████████████████████████| 1680/1680 [57:22<00:00,  2.05s/it, loss=6340.102]Training epoch: 31, MSE: 6340.1021
- Eval metrics : loss: 5162.163
Checkpoint Directory exists! 
Found new best loss!
Current best loss: 5162.163028492647
Learning rate: 0.00025
100%|███████████████████████████████████████████████████████████████████████████████████████████████████████████████████| 1680/1680 [56:58<00:00,  2.03s/it, loss=5932.838]
Training epoch: 32, MSE: 5932.8380
- Eval metrics : loss: 4678.203
Checkpoint Directory exists! 
Found new best loss!
Current best loss: 4678.202900442848
Learning rate: 0.00025
100%|███████████████████████████████████████████████████████████████████████████████████████████████████████████████████| 1680/1680 [56:44<00:00,  2.03s/it, loss=6295.401]
Training epoch: 33, MSE: 6295.4008
- Eval metrics : loss: 5506.198
Checkpoint Directory exists! 
Current best loss: 4678.202900442848
Learning rate: 0.00025
100%|███████████████████████████████████████████████████████████████████████████████████████████████████████████████████| 1680/1680 [56:27<00:00,  2.02s/it, loss=6477.334]
Training epoch: 34, MSE: 6477.3340
- Eval metrics : loss: 5234.981
Checkpoint Directory exists! 
Current best loss: 4678.202900442848
Learning rate: 0.00025
100%|███████████████████████████████████████████████████████████████████████████████████████████████████████████████████| 1680/1680 [56:35<00:00,  2.02s/it, loss=6429.553]
Training epoch: 35, MSE: 6429.5535
- Eval metrics : loss: 5297.274
Checkpoint Directory exists! 
Current best loss: 4678.202900442848
Learning rate: 0.000125
100%|███████████████████████████████████████████████████████████████████████████████████████████████████████████████████| 1680/1680 [56:39<00:00,  2.02s/it, loss=5817.171]
Training epoch: 36, MSE: 5817.1707
- Eval metrics : loss: 5000.418
Checkpoint Directory exists! 
Current best loss: 4678.202900442848
Learning rate: 0.000125
100%|███████████████████████████████████████████████████████████████████████████████████████████████████████████████████| 1680/1680 [56:43<00:00,  2.03s/it, loss=5560.522]
Training epoch: 37, MSE: 5560.5217
- Eval metrics : loss: 5314.992
Checkpoint Directory exists! 
Current best loss: 4678.202900442848
Learning rate: 0.000125
100%|███████████████████████████████████████████████████████████████████████████████████████████████████████████████████| 1680/1680 [57:04<00:00,  2.04s/it, loss=5616.929]
Training epoch: 38, MSE: 5616.9292
- Eval metrics : loss: 4727.576
Checkpoint Directory exists! 
Current best loss: 4678.202900442848
Learning rate: 0.000125
 56%|████████████████████████████████████████████████████████████████▍                                                   | 933/1680 [31:24<24:52,  2.00s/it, loss=5407.073]






100%|███████████████████████████████████████████████████████████████████████████████████████████████████████████████████| 1680/1680 [56:43<00:00,  2.03s/it, loss=5329.682]
Training epoch: 39, MSE: 5329.6816
- Eval metrics : loss: 4851.335
Checkpoint Directory exists! 
Current best loss: 4678.202900442848
Learning rate: 0.000125
100%|███████████████████████████████████████████████████████████████████████████████████████████████████████████████████| 1680/1680 [58:36<00:00,  2.09s/it, loss=5193.371]
Training epoch: 40, MSE: 5193.3715
- Eval metrics : loss: 4622.450
Checkpoint Directory exists! 
Found new best loss!
Current best loss: 4622.449981852648
Learning rate: 0.000125
100%|███████████████████████████████████████████████████████████████████████████████████████████████████████████████████| 1680/1680 [57:04<00:00,  2.04s/it, loss=5204.713]
Training epoch: 41, MSE: 5204.7127
- Eval metrics : loss: 4490.158
Checkpoint Directory exists! 
Found new best loss!
Current best loss: 4490.158109777114
Learning rate: 0.000125
100%|███████████████████████████████████████████████████████████████████████████████████████████████████████████████████| 1680/1680 [57:02<00:00,  2.04s/it, loss=5218.900]
Training epoch: 42, MSE: 5218.8999
- Eval metrics : loss: 4317.103
Checkpoint Directory exists! 
Found new best loss!
Current best loss: 4317.10293007917
Learning rate: 0.000125
100%|███████████████████████████████████████████████████████████████████████████████████████████████████████████████████| 1680/1680 [57:13<00:00,  2.04s/it, loss=5035.647]
Training epoch: 43, MSE: 5035.6472
- Eval metrics : loss: 4348.304
Checkpoint Directory exists! 
Current best loss: 4317.10293007917
Learning rate: 6.25e-05
100%|███████████████████████████████████████████████████████████████████████████████████████████████████████████████████| 1680/1680 [57:15<00:00,  2.04s/it, loss=4960.199]
Training epoch: 44, MSE: 4960.1987
- Eval metrics : loss: 4423.886
Checkpoint Directory exists! 
Current best loss: 4317.10293007917
Learning rate: 6.25e-05
100%|███████████████████████████████████████████████████████████████████████████████████████████████████████████████████| 1680/1680 [57:11<00:00,  2.04s/it, loss=4838.694]
Training epoch: 45, MSE: 4838.6942
- Eval metrics : loss: 4335.973
Checkpoint Directory exists! 
Current best loss: 4317.10293007917
Learning rate: 6.25e-05
100%|███████████████████████████████████████████████████████████████████████████████████████████████████████████████████| 1680/1680 [57:08<00:00,  2.04s/it, loss=5004.218]
Training epoch: 46, MSE: 5004.2181
- Eval metrics : loss: 4195.921
Checkpoint Directory exists! 
Found new best loss!
Current best loss: 4195.920510684743
Learning rate: 6.25e-05
100%|███████████████████████████████████████████████████████████████████████████████████████████████████████████████████| 1680/1680 [57:07<00:00,  2.04s/it, loss=4888.972]
Training epoch: 47, MSE: 4888.9724
- Eval metrics : loss: 4173.837
Checkpoint Directory exists! 
Found new best loss!
Current best loss: 4173.837394510361
Learning rate: 6.25e-05
100%|███████████████████████████████████████████████████████████████████████████████████████████████████████████████████| 1680/1680 [56:33<00:00,  2.02s/it, loss=5052.131]
Training epoch: 48, MSE: 5052.1311
- Eval metrics : loss: 4345.425
Checkpoint Directory exists! 
Current best loss: 4173.837394510361
Learning rate: 3.125e-05
100%|███████████████████████████████████████████████████████████████████████████████████████████████████████████████████| 1680/1680 [56:34<00:00,  2.02s/it, loss=4963.382]
Training epoch: 49, MSE: 4963.3816
- Eval metrics : loss: 4554.351
Checkpoint Directory exists! 
Current best loss: 4173.837394510361
Learning rate: 3.125e-05
100%|███████████████████████████████████████████████████████████████████████████████████████████████████████████████████| 1680/1680 [56:41<00:00,  2.02s/it, loss=4868.061]
Training epoch: 50, MSE: 4868.0607
- Eval metrics : loss: 4184.846
Checkpoint Directory exists! 
Current best loss: 4173.837394510361
Learning rate: 3.125e-05
100%|███████████████████████████████████████████████████████████████████████████████████████████████████████████████████| 1680/1680 [56:27<00:00,  2.02s/it, loss=4787.472]
Training epoch: 51, MSE: 4787.4725
- Eval metrics : loss: 4160.438
Checkpoint Directory exists! 
Found new best loss!
Current best loss: 4160.438257227607
Learning rate: 1.5625e-05
100%|███████████████████████████████████████████████████████████████████████████████████████████████████████████████████| 1680/1680 [57:13<00:00,  2.04s/it, loss=4792.073]
Training epoch: 52, MSE: 4792.0733
- Eval metrics : loss: 4101.759
Checkpoint Directory exists! 
Found new best loss!
Current best loss: 4101.759135037182
Learning rate: 1.5625e-05
100%|█████████████████████████████████████████████████████████████████████████████████████████████████████████████████| 1680/1680 [1:00:22<00:00,  2.16s/it, loss=4718.224]
Training epoch: 53, MSE: 4718.2236
- Eval metrics : loss: 4129.203
Checkpoint Directory exists! 
Current best loss: 4101.759135037182
Learning rate: 1.5625e-05
100%|███████████████████████████████████████████████████████████████████████████████████████████████████████████████████| 1680/1680 [56:32<00:00,  2.02s/it, loss=4707.136]
Training epoch: 54, MSE: 4707.1362
- Eval metrics : loss: 4187.185
Checkpoint Directory exists! 
Current best loss: 4101.759135037182
Learning rate: 7.8125e-06
100%|███████████████████████████████████████████████████████████████████████████████████████████████████████████████████| 1680/1680 [56:29<00:00,  2.02s/it, loss=4718.322]
Training epoch: 55, MSE: 4718.3218
- Eval metrics : loss: 4090.510
Checkpoint Directory exists! 
Found new best loss!
Current best loss: 4090.509706874582
Learning rate: 7.8125e-06
  3%|███                                                                                                                  | 44/1680 [01:32<55:14,  2.03s/it, loss=4909.655]100%|█████████████████████████████████████████████████████████████████████████████████████████████████████████████████| 1680/1680 [1:02:13<00:00,  2.22s/it, loss=4707.082]
Training epoch: 56, MSE: 4707.0821
- Eval metrics : loss: 4110.996
Checkpoint Directory exists! 
Current best loss: 4090.509706874582
Learning rate: 7.8125e-06
100%|███████████████████████████████████████████████████████████████████████████████████████████████████████████████████| 1680/1680 [56:26<00:00,  2.02s/it, loss=4746.105]
Training epoch: 57, MSE: 4746.1049
- Eval metrics : loss: 4182.906
Checkpoint Directory exists! 
Current best loss: 4090.509706874582
Learning rate: 3.90625e-06
100%|███████████████████████████████████████████████████████████████████████████████████████████████████████████████████| 1680/1680 [56:29<00:00,  2.02s/it, loss=4723.529]
Training epoch: 58, MSE: 4723.5285
- Eval metrics : loss: 4069.676
Checkpoint Directory exists! 
Found new best loss!
Current best loss: 4069.6758099724266
Learning rate: 3.90625e-06
100%|███████████████████████████████████████████████████████████████████████████████████████████████████████████████████| 1680/1680 [56:38<00:00,  2.02s/it, loss=4684.338]
Training epoch: 59, MSE: 4684.3383
- Eval metrics : loss: 4114.944
Checkpoint Directory exists! 
Current best loss: 4069.6758099724266
Learning rate: 3.90625e-06
100%|███████████████████████████████████████████████████████████████████████████████████████████████████████████████████| 1680/1680 [56:32<00:00,  2.02s/it, loss=4712.509]
Training epoch: 60, MSE: 4712.5093
- Eval metrics : loss: 4129.907
Checkpoint Directory exists! 
Current best loss: 4069.6758099724266
Learning rate: 1.953125e-06
100%|███████████████████████████████████████████████████████████████████████████████████████████████████████████████████| 1680/1680 [56:27<00:00,  2.02s/it, loss=4709.058]
Training epoch: 61, MSE: 4709.0578
- Eval metrics : loss: 4098.633
Checkpoint Directory exists! 
Current best loss: 4069.6758099724266
Learning rate: 1.953125e-06
100%|███████████████████████████████████████████████████████████████████████████████████████████████████████████████████| 1680/1680 [56:27<00:00,  2.02s/it, loss=4717.864]
Training epoch: 62, MSE: 4717.8642
- Eval metrics : loss: 4093.042
Checkpoint Directory exists! 
Current best loss: 4069.6758099724266
Learning rate: 1.953125e-06
100%|███████████████████████████████████████████████████████████████████████████████████████████████████████████████████| 1680/1680 [56:28<00:00,  2.02s/it, loss=4693.646]
Training epoch: 63, MSE: 4693.6457
- Eval metrics : loss: 4160.829
Checkpoint Directory exists! 
Current best loss: 4069.6758099724266
Learning rate: 9.765625e-07
100%|███████████████████████████████████████████████████████████████████████████████████████████████████████████████████| 1680/1680 [56:20<00:00,  2.01s/it, loss=4717.669]
Training epoch: 64, MSE: 4717.6695
- Eval metrics : loss: 4128.273
Checkpoint Directory exists! 
Current best loss: 4069.6758099724266
Learning rate: 9.765625e-07
100%|███████████████████████████████████████████████████████████████████████████████████████████████████████████████████| 1680/1680 [56:23<00:00,  2.01s/it, loss=4698.470]
Training epoch: 65, MSE: 4698.4696
- Eval metrics : loss: 4111.092
Checkpoint Directory exists! 